# Logfile created on 2010-09-06 17:52:37 -0500 by logger.rb/25413
REQUESTING PAGE: GET http://www.example.com/games/new with {} and HTTP headers {}
REQUESTING PAGE: GET http://www.example.com/games/new with {} and HTTP headers {}
REQUESTING PAGE: GET http://www.example.com/games/new with {} and HTTP headers {}
REQUESTING PAGE: POST /games with {"utf8"=>"\xE2\x9C\x93", "game"=>{"players_attributes"=>{"0"=>{"name"=>"blue player", "color"=>"blue"}, "1"=>{"name"=>"red player", "color"=>"red"}, "2"=>{"name"=>"", "color"=>"white"}, "3"=>{"name"=>"", "color"=>"orange"}, "4"=>{"name"=>"", "color"=>"green"}, "5"=>{"name"=>"", "color"=>"brown"}}}, "commit"=>"save"} and HTTP headers {"HTTP_REFERER"=>"http://www.example.com/games/new"}
REQUESTING PAGE: GET http://www.example.com/games/new with {} and HTTP headers {}
REQUESTING PAGE: POST /games with {"utf8"=>"\xE2\x9C\x93", "game"=>{"players_attributes"=>{"0"=>{"name"=>"blue player", "color"=>"blue"}, "1"=>{"name"=>"red player", "color"=>"red"}, "2"=>{"name"=>"", "color"=>"white"}, "3"=>{"name"=>"", "color"=>"orange"}, "4"=>{"name"=>"", "color"=>"green"}, "5"=>{"name"=>"", "color"=>"brown"}}}, "commit"=>"save"} and HTTP headers {"HTTP_REFERER"=>"http://www.example.com/games/new"}
REQUESTING PAGE: GET http://www.example.com/games/new with {} and HTTP headers {}
REQUESTING PAGE: POST /games with {"utf8"=>"\xE2\x9C\x93", "game"=>{"players_attributes"=>{"0"=>{"name"=>"blue player", "color"=>"blue"}, "1"=>{"name"=>"red player", "color"=>"red"}, "2"=>{"name"=>"", "color"=>"white"}, "3"=>{"name"=>"", "color"=>"orange"}, "4"=>{"name"=>"", "color"=>"green"}, "5"=>{"name"=>"", "color"=>"brown"}}}, "commit"=>"save"} and HTTP headers {"HTTP_REFERER"=>"http://www.example.com/games/new"}
REQUESTING PAGE: GET http://www.example.com/games/new with {} and HTTP headers {}
REQUESTING PAGE: POST /games with {"utf8"=>"\xE2\x9C\x93", "game"=>{"players_attributes"=>{"0"=>{"name"=>"blue player", "color"=>"blue"}, "1"=>{"name"=>"red player", "color"=>"red"}, "2"=>{"name"=>"", "color"=>"white"}, "3"=>{"name"=>"", "color"=>"orange"}, "4"=>{"name"=>"", "color"=>"green"}, "5"=>{"name"=>"", "color"=>"brown"}}}, "commit"=>"save"} and HTTP headers {"HTTP_REFERER"=>"http://www.example.com/games/new"}
REQUESTING PAGE: GET #<Game:0x00000100b1ba88> with {} and HTTP headers {}
REQUESTING PAGE: GET http://www.example.com/games/1 with {} and HTTP headers {}
REQUESTING PAGE: GET http://www.example.com/games/1 with {} and HTTP headers {}
REQUESTING PAGE: GET http://www.example.com/players/1/settlements with {} and HTTP headers {"HTTP_REFERER"=>"http://www.example.com/games/1"}
REQUESTING PAGE: GET http://www.example.com/games/1 with {} and HTTP headers {}
REQUESTING PAGE: GET http://www.example.com/games/1 with {} and HTTP headers {}
REQUESTING PAGE: GET http://www.example.com/players/1/settlements with {} and HTTP headers {"HTTP_REFERER"=>"http://www.example.com/games/1"}
REQUESTING PAGE: GET http://www.example.com/games/1 with {} and HTTP headers {}
REQUESTING PAGE: GET http://www.example.com/players/1/settlements with {} and HTTP headers {"HTTP_REFERER"=>"http://www.example.com/games/1"}
REQUESTING PAGE: GET http://www.example.com/games/1 with {} and HTTP headers {}
REQUESTING PAGE: GET http://www.example.com/games/1 with {} and HTTP headers {}
REQUESTING PAGE: POST http://www.example.com/players/1/settlements with {} and HTTP headers {"HTTP_REFERER"=>"http://www.example.com/games/1"}
REQUESTING PAGE: GET http://www.example.com/games/1 with {} and HTTP headers {"HTTP_REFERER"=>"http://www.example.com/players/1/settlements"}
REQUESTING PAGE: GET http://www.example.com/games/1 with {} and HTTP headers {}
REQUESTING PAGE: POST http://www.example.com/players/1/settlements with {} and HTTP headers {"HTTP_REFERER"=>"http://www.example.com/games/1"}
REQUESTING PAGE: GET http://www.example.com/games/1 with {} and HTTP headers {"HTTP_REFERER"=>"http://www.example.com/players/1/settlements"}
REQUESTING PAGE: GET http://www.example.com/games/1 with {} and HTTP headers {}
REQUESTING PAGE: POST http://www.example.com/players/1/settlements with {} and HTTP headers {"HTTP_REFERER"=>"http://www.example.com/games/1"}
REQUESTING PAGE: GET http://www.example.com/games/1 with {} and HTTP headers {"HTTP_REFERER"=>"http://www.example.com/players/1/settlements"}
REQUESTING PAGE: GET http://www.example.com/games/1 with {} and HTTP headers {}
REQUESTING PAGE: POST http://www.example.com/players/1/settlements with {} and HTTP headers {"HTTP_REFERER"=>"http://www.example.com/games/1"}
REQUESTING PAGE: GET http://www.example.com/games/1 with {} and HTTP headers {"HTTP_REFERER"=>"http://www.example.com/players/1/settlements"}
REQUESTING PAGE: GET http://www.example.com/games/1 with {} and HTTP headers {}
REQUESTING PAGE: POST http://www.example.com/players/1/settlements/1/upgrade_to_city with {} and HTTP headers {"HTTP_REFERER"=>"http://www.example.com/games/1"}
REQUESTING PAGE: GET http://www.example.com/games/1 with {} and HTTP headers {"HTTP_REFERER"=>"http://www.example.com/players/1/settlements/1/upgrade_to_city"}
REQUESTING PAGE: GET http://www.example.com/games/1 with {} and HTTP headers {}
REQUESTING PAGE: POST http://www.example.com/players/1/settlements with {} and HTTP headers {"HTTP_REFERER"=>"http://www.example.com/games/1"}
REQUESTING PAGE: GET http://www.example.com/games/1 with {} and HTTP headers {"HTTP_REFERER"=>"http://www.example.com/players/1/settlements"}
REQUESTING PAGE: GET http://www.example.com/games/1 with {} and HTTP headers {}
REQUESTING PAGE: POST http://www.example.com/players/1/settlements/1/upgrade_to_city with {} and HTTP headers {"HTTP_REFERER"=>"http://www.example.com/games/1"}
REQUESTING PAGE: GET http://www.example.com/games/1 with {} and HTTP headers {"HTTP_REFERER"=>"http://www.example.com/players/1/settlements/1/upgrade_to_city"}
REQUESTING PAGE: GET http://www.example.com/games/1 with {} and HTTP headers {}
REQUESTING PAGE: POST http://www.example.com/players/1/settlements/1/upgrade_to_city with {} and HTTP headers {"HTTP_REFERER"=>"http://www.example.com/games/1"}
REQUESTING PAGE: GET http://www.example.com/games/1 with {} and HTTP headers {"HTTP_REFERER"=>"http://www.example.com/players/1/settlements/1/upgrade_to_city"}
REQUESTING PAGE: GET http://www.example.com/games/1 with {} and HTTP headers {}
REQUESTING PAGE: POST http://www.example.com/players/1/settlements with {} and HTTP headers {"HTTP_REFERER"=>"http://www.example.com/games/1"}
REQUESTING PAGE: GET http://www.example.com/games/1 with {} and HTTP headers {"HTTP_REFERER"=>"http://www.example.com/players/1/settlements"}
REQUESTING PAGE: GET http://www.example.com/games/1 with {} and HTTP headers {}
REQUESTING PAGE: POST http://www.example.com/players/1/settlements/1/upgrade_to_city with {} and HTTP headers {"HTTP_REFERER"=>"http://www.example.com/games/1"}
REQUESTING PAGE: GET http://www.example.com/games/1 with {} and HTTP headers {"HTTP_REFERER"=>"http://www.example.com/players/1/settlements/1/upgrade_to_city"}
REQUESTING PAGE: GET http://www.example.com/games/1 with {} and HTTP headers {}
REQUESTING PAGE: POST http://www.example.com/players/1/settlements/1/upgrade_to_city with {} and HTTP headers {"HTTP_REFERER"=>"http://www.example.com/games/1"}
REQUESTING PAGE: GET http://www.example.com/games/1 with {} and HTTP headers {"HTTP_REFERER"=>"http://www.example.com/players/1/settlements/1/upgrade_to_city"}
REQUESTING PAGE: GET http://www.example.com/games/1 with {} and HTTP headers {}
REQUESTING PAGE: POST http://www.example.com/players/1/settlements with {} and HTTP headers {"HTTP_REFERER"=>"http://www.example.com/games/1"}
REQUESTING PAGE: GET http://www.example.com/games/1 with {} and HTTP headers {"HTTP_REFERER"=>"http://www.example.com/players/1/settlements"}
REQUESTING PAGE: GET http://www.example.com/games/1 with {} and HTTP headers {}
REQUESTING PAGE: GET http://www.example.com/games/1 with {} and HTTP headers {}
REQUESTING PAGE: POST http://www.example.com/players/1/settlements/1/upgrade_to_city with {} and HTTP headers {"HTTP_REFERER"=>"http://www.example.com/games/1"}
REQUESTING PAGE: GET http://www.example.com/games/1 with {} and HTTP headers {"HTTP_REFERER"=>"http://www.example.com/players/1/settlements/1/upgrade_to_city"}
REQUESTING PAGE: GET http://www.example.com/games/1 with {} and HTTP headers {}
REQUESTING PAGE: POST http://www.example.com/players/1/settlements with {} and HTTP headers {"HTTP_REFERER"=>"http://www.example.com/games/1"}
REQUESTING PAGE: GET http://www.example.com/games/1 with {} and HTTP headers {"HTTP_REFERER"=>"http://www.example.com/players/1/settlements"}
REQUESTING PAGE: GET http://www.example.com/games/1 with {} and HTTP headers {}
REQUESTING PAGE: GET http://www.example.com/games/1 with {} and HTTP headers {}
REQUESTING PAGE: POST http://www.example.com/players/1/settlements/1/upgrade_to_city with {} and HTTP headers {"HTTP_REFERER"=>"http://www.example.com/games/1"}
REQUESTING PAGE: GET http://www.example.com/games/1 with {} and HTTP headers {"HTTP_REFERER"=>"http://www.example.com/players/1/settlements/1/upgrade_to_city"}
REQUESTING PAGE: GET http://www.example.com/games/1 with {} and HTTP headers {}
REQUESTING PAGE: POST http://www.example.com/players/1/settlements with {} and HTTP headers {"HTTP_REFERER"=>"http://www.example.com/games/1"}
REQUESTING PAGE: GET http://www.example.com/games/1 with {} and HTTP headers {"HTTP_REFERER"=>"http://www.example.com/players/1/settlements"}
REQUESTING PAGE: GET http://www.example.com/games/1 with {} and HTTP headers {}
REQUESTING PAGE: POST http://www.example.com/players/1/cities/1/downgrade_to_settlement with {} and HTTP headers {"HTTP_REFERER"=>"http://www.example.com/games/1"}
REQUESTING PAGE: GET http://www.example.com/games/1 with {} and HTTP headers {"HTTP_REFERER"=>"http://www.example.com/players/1/cities/1/downgrade_to_settlement"}
REQUESTING PAGE: GET http://www.example.com/games/1 with {} and HTTP headers {}
REQUESTING PAGE: POST http://www.example.com/players/1/settlements/1/upgrade_to_city with {} and HTTP headers {"HTTP_REFERER"=>"http://www.example.com/games/1"}
REQUESTING PAGE: GET http://www.example.com/games/1 with {} and HTTP headers {"HTTP_REFERER"=>"http://www.example.com/players/1/settlements/1/upgrade_to_city"}
REQUESTING PAGE: GET http://www.example.com/games/1 with {} and HTTP headers {}
REQUESTING PAGE: POST http://www.example.com/players/1/settlements with {} and HTTP headers {"HTTP_REFERER"=>"http://www.example.com/games/1"}
REQUESTING PAGE: GET http://www.example.com/games/1 with {} and HTTP headers {"HTTP_REFERER"=>"http://www.example.com/players/1/settlements"}
REQUESTING PAGE: GET http://www.example.com/games/1 with {} and HTTP headers {}
REQUESTING PAGE: DELETE http://www.example.com/players/1/settlements/1 with {} and HTTP headers {"HTTP_REFERER"=>"http://www.example.com/games/1"}
REQUESTING PAGE: GET http://www.example.com/games/1 with {} and HTTP headers {"HTTP_REFERER"=>"http://www.example.com/players/1/settlements/1"}
REQUESTING PAGE: GET http://www.example.com/games/1 with {} and HTTP headers {}
REQUESTING PAGE: POST http://www.example.com/players/1/cities/1/downgrade_to_settlement with {} and HTTP headers {"HTTP_REFERER"=>"http://www.example.com/games/1"}
REQUESTING PAGE: GET http://www.example.com/games/1 with {} and HTTP headers {"HTTP_REFERER"=>"http://www.example.com/players/1/cities/1/downgrade_to_settlement"}
REQUESTING PAGE: GET http://www.example.com/games/1 with {} and HTTP headers {}
REQUESTING PAGE: POST http://www.example.com/players/1/settlements/1/upgrade_to_city with {} and HTTP headers {"HTTP_REFERER"=>"http://www.example.com/games/1"}
REQUESTING PAGE: GET http://www.example.com/games/1 with {} and HTTP headers {"HTTP_REFERER"=>"http://www.example.com/players/1/settlements/1/upgrade_to_city"}
REQUESTING PAGE: GET http://www.example.com/games/1 with {} and HTTP headers {}
REQUESTING PAGE: POST http://www.example.com/players/1/settlements with {} and HTTP headers {"HTTP_REFERER"=>"http://www.example.com/games/1"}
REQUESTING PAGE: GET http://www.example.com/games/1 with {} and HTTP headers {"HTTP_REFERER"=>"http://www.example.com/players/1/settlements"}
REQUESTING PAGE: GET http://www.example.com/games/1 with {} and HTTP headers {}
REQUESTING PAGE: DELETE http://www.example.com/players/1/settlements/1 with {} and HTTP headers {"HTTP_REFERER"=>"http://www.example.com/games/1"}
REQUESTING PAGE: GET http://www.example.com/games/1 with {} and HTTP headers {"HTTP_REFERER"=>"http://www.example.com/players/1/settlements/1"}
REQUESTING PAGE: GET http://www.example.com/games/1 with {} and HTTP headers {}
REQUESTING PAGE: POST http://www.example.com/players/1/cities/1/downgrade_to_settlement with {} and HTTP headers {"HTTP_REFERER"=>"http://www.example.com/games/1"}
REQUESTING PAGE: GET http://www.example.com/games/1 with {} and HTTP headers {"HTTP_REFERER"=>"http://www.example.com/players/1/cities/1/downgrade_to_settlement"}
REQUESTING PAGE: GET http://www.example.com/games/1 with {} and HTTP headers {}
REQUESTING PAGE: POST http://www.example.com/players/1/play_soldier with {} and HTTP headers {"HTTP_REFERER"=>"http://www.example.com/games/1"}
REQUESTING PAGE: GET http://www.example.com/games/1 with {} and HTTP headers {}
REQUESTING PAGE: POST http://www.example.com/players/1/settlements/1/upgrade_to_city with {} and HTTP headers {"HTTP_REFERER"=>"http://www.example.com/games/1"}
REQUESTING PAGE: GET http://www.example.com/games/1 with {} and HTTP headers {"HTTP_REFERER"=>"http://www.example.com/players/1/settlements/1/upgrade_to_city"}
REQUESTING PAGE: GET http://www.example.com/games/1 with {} and HTTP headers {}
REQUESTING PAGE: POST http://www.example.com/players/1/settlements with {} and HTTP headers {"HTTP_REFERER"=>"http://www.example.com/games/1"}
REQUESTING PAGE: GET http://www.example.com/games/1 with {} and HTTP headers {"HTTP_REFERER"=>"http://www.example.com/players/1/settlements"}
REQUESTING PAGE: GET http://www.example.com/games/1 with {} and HTTP headers {}
REQUESTING PAGE: DELETE http://www.example.com/players/1/settlements/1 with {} and HTTP headers {"HTTP_REFERER"=>"http://www.example.com/games/1"}
REQUESTING PAGE: GET http://www.example.com/games/1 with {} and HTTP headers {"HTTP_REFERER"=>"http://www.example.com/players/1/settlements/1"}
REQUESTING PAGE: GET http://www.example.com/games/1 with {} and HTTP headers {}
REQUESTING PAGE: POST http://www.example.com/players/1/cities/1/downgrade_to_settlement with {} and HTTP headers {"HTTP_REFERER"=>"http://www.example.com/games/1"}
REQUESTING PAGE: GET http://www.example.com/games/1 with {} and HTTP headers {"HTTP_REFERER"=>"http://www.example.com/players/1/cities/1/downgrade_to_settlement"}
REQUESTING PAGE: GET http://www.example.com/games/1 with {} and HTTP headers {}
REQUESTING PAGE: PUT http://www.example.com/players/1/play_soldier with {} and HTTP headers {"HTTP_REFERER"=>"http://www.example.com/games/1"}
REQUESTING PAGE: GET http://www.example.com/games/1 with {} and HTTP headers {}
REQUESTING PAGE: POST http://www.example.com/players/1/settlements/1/upgrade_to_city with {} and HTTP headers {"HTTP_REFERER"=>"http://www.example.com/games/1"}
REQUESTING PAGE: GET http://www.example.com/games/1 with {} and HTTP headers {"HTTP_REFERER"=>"http://www.example.com/players/1/settlements/1/upgrade_to_city"}
REQUESTING PAGE: GET http://www.example.com/games/1 with {} and HTTP headers {}
REQUESTING PAGE: POST http://www.example.com/players/1/settlements with {} and HTTP headers {"HTTP_REFERER"=>"http://www.example.com/games/1"}
REQUESTING PAGE: GET http://www.example.com/games/1 with {} and HTTP headers {"HTTP_REFERER"=>"http://www.example.com/players/1/settlements"}
REQUESTING PAGE: GET http://www.example.com/games/1 with {} and HTTP headers {}
REQUESTING PAGE: DELETE http://www.example.com/players/1/settlements/1 with {} and HTTP headers {"HTTP_REFERER"=>"http://www.example.com/games/1"}
REQUESTING PAGE: GET http://www.example.com/games/1 with {} and HTTP headers {"HTTP_REFERER"=>"http://www.example.com/players/1/settlements/1"}
REQUESTING PAGE: GET http://www.example.com/games/1 with {} and HTTP headers {}
REQUESTING PAGE: POST http://www.example.com/players/1/cities/1/downgrade_to_settlement with {} and HTTP headers {"HTTP_REFERER"=>"http://www.example.com/games/1"}
REQUESTING PAGE: GET http://www.example.com/games/1 with {} and HTTP headers {"HTTP_REFERER"=>"http://www.example.com/players/1/cities/1/downgrade_to_settlement"}
REQUESTING PAGE: GET http://www.example.com/games/1 with {} and HTTP headers {}
REQUESTING PAGE: PUT http://www.example.com/players/1/play_soldier with {} and HTTP headers {"HTTP_REFERER"=>"http://www.example.com/games/1"}
REQUESTING PAGE: GET http://www.example.com/games/1 with {} and HTTP headers {"HTTP_REFERER"=>"http://www.example.com/players/1/play_soldier"}
REQUESTING PAGE: GET http://www.example.com/games/1 with {} and HTTP headers {}
REQUESTING PAGE: POST http://www.example.com/players/1/settlements with {} and HTTP headers {"HTTP_REFERER"=>"http://www.example.com/games/1"}
REQUESTING PAGE: GET http://www.example.com/games/1 with {} and HTTP headers {"HTTP_REFERER"=>"http://www.example.com/players/1/settlements"}
REQUESTING PAGE: GET http://www.example.com/games/1 with {} and HTTP headers {}
REQUESTING PAGE: DELETE http://www.example.com/players/1/settlements/1 with {} and HTTP headers {"HTTP_REFERER"=>"http://www.example.com/games/1"}
REQUESTING PAGE: GET http://www.example.com/games/1 with {} and HTTP headers {"HTTP_REFERER"=>"http://www.example.com/players/1/settlements/1"}
REQUESTING PAGE: GET http://www.example.com/games/1 with {} and HTTP headers {}
REQUESTING PAGE: POST http://www.example.com/players/1/cities/1/downgrade_to_settlement with {} and HTTP headers {"HTTP_REFERER"=>"http://www.example.com/games/1"}
REQUESTING PAGE: GET http://www.example.com/games/1 with {} and HTTP headers {"HTTP_REFERER"=>"http://www.example.com/players/1/cities/1/downgrade_to_settlement"}
REQUESTING PAGE: GET http://www.example.com/games/1 with {} and HTTP headers {}
REQUESTING PAGE: PUT http://www.example.com/players/1/play_soldier with {} and HTTP headers {"HTTP_REFERER"=>"http://www.example.com/games/1"}
REQUESTING PAGE: GET http://www.example.com/games/1 with {} and HTTP headers {"HTTP_REFERER"=>"http://www.example.com/players/1/play_soldier"}
REQUESTING PAGE: GET http://www.example.com/games/1 with {} and HTTP headers {}
REQUESTING PAGE: POST http://www.example.com/players/1/settlements/1/upgrade_to_city with {} and HTTP headers {"HTTP_REFERER"=>"http://www.example.com/games/1"}
REQUESTING PAGE: GET http://www.example.com/games/1 with {} and HTTP headers {"HTTP_REFERER"=>"http://www.example.com/players/1/settlements/1/upgrade_to_city"}
REQUESTING PAGE: GET http://www.example.com/games/1 with {} and HTTP headers {}
REQUESTING PAGE: POST http://www.example.com/players/1/settlements with {} and HTTP headers {"HTTP_REFERER"=>"http://www.example.com/games/1"}
REQUESTING PAGE: GET http://www.example.com/games/1 with {} and HTTP headers {"HTTP_REFERER"=>"http://www.example.com/players/1/settlements"}
REQUESTING PAGE: GET http://www.example.com/games/1 with {} and HTTP headers {}
REQUESTING PAGE: DELETE http://www.example.com/players/1/settlements/1 with {} and HTTP headers {"HTTP_REFERER"=>"http://www.example.com/games/1"}
REQUESTING PAGE: GET http://www.example.com/games/1 with {} and HTTP headers {"HTTP_REFERER"=>"http://www.example.com/players/1/settlements/1"}
REQUESTING PAGE: GET http://www.example.com/games/1 with {} and HTTP headers {}
REQUESTING PAGE: POST http://www.example.com/players/1/cities/1/downgrade_to_settlement with {} and HTTP headers {"HTTP_REFERER"=>"http://www.example.com/games/1"}
REQUESTING PAGE: GET http://www.example.com/games/1 with {} and HTTP headers {"HTTP_REFERER"=>"http://www.example.com/players/1/cities/1/downgrade_to_settlement"}
REQUESTING PAGE: GET http://www.example.com/games/1 with {} and HTTP headers {}
REQUESTING PAGE: PUT http://www.example.com/players/1/play_soldier with {} and HTTP headers {"HTTP_REFERER"=>"http://www.example.com/games/1"}
REQUESTING PAGE: GET http://www.example.com/games/1 with {} and HTTP headers {"HTTP_REFERER"=>"http://www.example.com/players/1/play_soldier"}
REQUESTING PAGE: GET http://www.example.com/games/1 with {} and HTTP headers {}
REQUESTING PAGE: POST http://www.example.com/players/1/settlements/1/upgrade_to_city with {} and HTTP headers {"HTTP_REFERER"=>"http://www.example.com/games/1"}
REQUESTING PAGE: GET http://www.example.com/games/1 with {} and HTTP headers {"HTTP_REFERER"=>"http://www.example.com/players/1/settlements/1/upgrade_to_city"}
REQUESTING PAGE: GET http://www.example.com/games/1 with {} and HTTP headers {}
REQUESTING PAGE: POST http://www.example.com/players/1/settlements with {} and HTTP headers {"HTTP_REFERER"=>"http://www.example.com/games/1"}
REQUESTING PAGE: GET http://www.example.com/games/1 with {} and HTTP headers {"HTTP_REFERER"=>"http://www.example.com/players/1/settlements"}
REQUESTING PAGE: GET http://www.example.com/games/1 with {} and HTTP headers {}
REQUESTING PAGE: DELETE http://www.example.com/players/1/settlements/1 with {} and HTTP headers {"HTTP_REFERER"=>"http://www.example.com/games/1"}
REQUESTING PAGE: GET http://www.example.com/games/1 with {} and HTTP headers {"HTTP_REFERER"=>"http://www.example.com/players/1/settlements/1"}
REQUESTING PAGE: GET http://www.example.com/games/1 with {} and HTTP headers {}
REQUESTING PAGE: GET http://www.example.com/games/1 with {} and HTTP headers {}
REQUESTING PAGE: PUT http://www.example.com/players/1/play_soldier with {} and HTTP headers {"HTTP_REFERER"=>"http://www.example.com/games/1"}
REQUESTING PAGE: GET http://www.example.com/games/1 with {} and HTTP headers {"HTTP_REFERER"=>"http://www.example.com/players/1/play_soldier"}
REQUESTING PAGE: GET http://www.example.com/games/1 with {} and HTTP headers {}
REQUESTING PAGE: PUT http://www.example.com/players/1/take_longest_road with {} and HTTP headers {"HTTP_REFERER"=>"http://www.example.com/games/1"}
REQUESTING PAGE: GET http://www.example.com/games/1 with {} and HTTP headers {"HTTP_REFERER"=>"http://www.example.com/players/1/take_longest_road"}
REQUESTING PAGE: GET http://www.example.com/games/1 with {} and HTTP headers {}
REQUESTING PAGE: POST http://www.example.com/players/1/settlements/1/upgrade_to_city with {} and HTTP headers {"HTTP_REFERER"=>"http://www.example.com/games/1"}
REQUESTING PAGE: GET http://www.example.com/games/1 with {} and HTTP headers {"HTTP_REFERER"=>"http://www.example.com/players/1/settlements/1/upgrade_to_city"}
REQUESTING PAGE: GET http://www.example.com/games/1 with {} and HTTP headers {}
REQUESTING PAGE: POST http://www.example.com/players/1/settlements with {} and HTTP headers {"HTTP_REFERER"=>"http://www.example.com/games/1"}
REQUESTING PAGE: GET http://www.example.com/games/1 with {} and HTTP headers {"HTTP_REFERER"=>"http://www.example.com/players/1/settlements"}
REQUESTING PAGE: GET http://www.example.com/games/1 with {} and HTTP headers {}
REQUESTING PAGE: DELETE http://www.example.com/players/1/settlements/1 with {} and HTTP headers {"HTTP_REFERER"=>"http://www.example.com/games/1"}
REQUESTING PAGE: GET http://www.example.com/games/1 with {} and HTTP headers {"HTTP_REFERER"=>"http://www.example.com/players/1/settlements/1"}
REQUESTING PAGE: GET http://www.example.com/games/1 with {} and HTTP headers {}
REQUESTING PAGE: POST http://www.example.com/players/1/cities/1/downgrade_to_settlement with {} and HTTP headers {"HTTP_REFERER"=>"http://www.example.com/games/1"}
REQUESTING PAGE: GET http://www.example.com/games/1 with {} and HTTP headers {"HTTP_REFERER"=>"http://www.example.com/players/1/cities/1/downgrade_to_settlement"}
REQUESTING PAGE: GET http://www.example.com/games/1 with {} and HTTP headers {}
REQUESTING PAGE: PUT http://www.example.com/players/1/play_soldier with {} and HTTP headers {"HTTP_REFERER"=>"http://www.example.com/games/1"}
REQUESTING PAGE: GET http://www.example.com/games/1 with {} and HTTP headers {"HTTP_REFERER"=>"http://www.example.com/players/1/play_soldier"}
REQUESTING PAGE: GET http://www.example.com/games/1 with {} and HTTP headers {}
REQUESTING PAGE: PUT http://www.example.com/players/1/take_longest_road with {} and HTTP headers {"HTTP_REFERER"=>"http://www.example.com/games/1"}
REQUESTING PAGE: GET http://www.example.com/games/1 with {} and HTTP headers {"HTTP_REFERER"=>"http://www.example.com/players/1/take_longest_road"}
REQUESTING PAGE: GET http://www.example.com/games/1 with {} and HTTP headers {}
REQUESTING PAGE: POST http://www.example.com/players/1/settlements/1/upgrade_to_city with {} and HTTP headers {"HTTP_REFERER"=>"http://www.example.com/games/1"}
REQUESTING PAGE: GET http://www.example.com/games/1 with {} and HTTP headers {"HTTP_REFERER"=>"http://www.example.com/players/1/settlements/1/upgrade_to_city"}
REQUESTING PAGE: GET http://www.example.com/games/new with {} and HTTP headers {}
REQUESTING PAGE: POST /games with {"utf8"=>"\xE2\x9C\x93", "game"=>{"players_attributes"=>{"0"=>{"name"=>"blue player", "color"=>"blue"}, "1"=>{"name"=>"red player", "color"=>"red"}, "2"=>{"name"=>"", "color"=>"white"}, "3"=>{"name"=>"", "color"=>"orange"}, "4"=>{"name"=>"", "color"=>"green"}, "5"=>{"name"=>"", "color"=>"brown"}}}, "commit"=>"save"} and HTTP headers {"HTTP_REFERER"=>"http://www.example.com/games/new"}
REQUESTING PAGE: GET http://www.example.com/games/new with {} and HTTP headers {}
REQUESTING PAGE: GET http://www.example.com/games/new with {} and HTTP headers {}
REQUESTING PAGE: POST /games with {"utf8"=>"\xE2\x9C\x93", "game"=>{"players_attributes"=>{"0"=>{"name"=>"blue player", "color"=>"blue"}, "1"=>{"name"=>"red player", "color"=>"red"}, "2"=>{"name"=>"", "color"=>"white"}, "3"=>{"name"=>"", "color"=>"orange"}, "4"=>{"name"=>"", "color"=>"green"}, "5"=>{"name"=>"", "color"=>"brown"}}}, "commit"=>"save"} and HTTP headers {"HTTP_REFERER"=>"http://www.example.com/games/new"}
REQUESTING PAGE: GET http://www.example.com/games/new with {} and HTTP headers {}
REQUESTING PAGE: GET http://www.example.com/games/new with {} and HTTP headers {}
REQUESTING PAGE: POST /games with {"utf8"=>"\xE2\x9C\x93", "game"=>{"players_attributes"=>{"0"=>{"name"=>"blue player", "color"=>"blue"}, "1"=>{"name"=>"red player", "color"=>"red"}, "2"=>{"name"=>"", "color"=>"white"}, "3"=>{"name"=>"", "color"=>"orange"}, "4"=>{"name"=>"", "color"=>"green"}, "5"=>{"name"=>"", "color"=>"brown"}}}, "commit"=>"save"} and HTTP headers {"HTTP_REFERER"=>"http://www.example.com/games/new"}
REQUESTING PAGE: GET http://www.example.com/games/1 with {} and HTTP headers {}
REQUESTING PAGE: GET http://www.example.com/games/1/edit with {} and HTTP headers {"HTTP_REFERER"=>"http://www.example.com/games/1"}
REQUESTING PAGE: GET http://www.example.com/games/new with {} and HTTP headers {}
REQUESTING PAGE: POST /games with {"utf8"=>"\xE2\x9C\x93", "game"=>{"players_attributes"=>{"0"=>{"name"=>"blue player", "color"=>"blue"}, "1"=>{"name"=>"red player", "color"=>"red"}, "2"=>{"name"=>"", "color"=>"white"}, "3"=>{"name"=>"", "color"=>"orange"}, "4"=>{"name"=>"", "color"=>"green"}, "5"=>{"name"=>"", "color"=>"brown"}}}, "commit"=>"save"} and HTTP headers {"HTTP_REFERER"=>"http://www.example.com/games/new"}
REQUESTING PAGE: GET http://www.example.com/games/1 with {} and HTTP headers {}
REQUESTING PAGE: GET http://www.example.com/games/1/edit with {} and HTTP headers {"HTTP_REFERER"=>"http://www.example.com/games/1"}
REQUESTING PAGE: POST /games/1 with {"utf8"=>"\xE2\x9C\x93", "_method"=>"put", "game"=>{"players_attributes"=>{"0"=>{"name"=>"", "color"=>"blue"}, "1"=>{"name"=>"", "color"=>"red"}, "2"=>{"name"=>"", "color"=>"white"}, "3"=>{"name"=>"", "color"=>"orange"}, "4"=>{"name"=>"", "color"=>"green"}, "5"=>{"name"=>"", "color"=>"brown"}}, "victory_points_to_win"=>"11"}, "commit"=>"save"} and HTTP headers {"HTTP_REFERER"=>"http://www.example.com/games/1/edit"}
REQUESTING PAGE: GET http://www.example.com/games/new with {} and HTTP headers {}
REQUESTING PAGE: POST /games with {"utf8"=>"\xE2\x9C\x93", "game"=>{"players_attributes"=>{"0"=>{"name"=>"blue player", "color"=>"blue"}, "1"=>{"name"=>"red player", "color"=>"red"}, "2"=>{"name"=>"", "color"=>"white"}, "3"=>{"name"=>"", "color"=>"orange"}, "4"=>{"name"=>"", "color"=>"green"}, "5"=>{"name"=>"", "color"=>"brown"}}}, "commit"=>"save"} and HTTP headers {"HTTP_REFERER"=>"http://www.example.com/games/new"}
REQUESTING PAGE: GET http://www.example.com/games/1 with {} and HTTP headers {}
REQUESTING PAGE: GET http://www.example.com/games/1/edit with {} and HTTP headers {"HTTP_REFERER"=>"http://www.example.com/games/1"}
REQUESTING PAGE: POST /games/1 with {"utf8"=>"\xE2\x9C\x93", "_method"=>"put", "game"=>{"players_attributes"=>{"0"=>{"name"=>"", "color"=>"blue"}, "1"=>{"name"=>"", "color"=>"red"}, "2"=>{"name"=>"", "color"=>"white"}, "3"=>{"name"=>"", "color"=>"orange"}, "4"=>{"name"=>"", "color"=>"green"}, "5"=>{"name"=>"", "color"=>"brown"}}, "victory_points_to_win"=>"11"}, "commit"=>"save"} and HTTP headers {"HTTP_REFERER"=>"http://www.example.com/games/1/edit"}
REQUESTING PAGE: GET http://www.example.com/games/new with {} and HTTP headers {}
REQUESTING PAGE: POST /games with {"utf8"=>"\xE2\x9C\x93", "game"=>{"players_attributes"=>{"0"=>{"name"=>"blue player", "color"=>"blue"}, "1"=>{"name"=>"red player", "color"=>"red"}, "2"=>{"name"=>"", "color"=>"white"}, "3"=>{"name"=>"", "color"=>"orange"}, "4"=>{"name"=>"", "color"=>"green"}, "5"=>{"name"=>"", "color"=>"brown"}}}, "commit"=>"save"} and HTTP headers {"HTTP_REFERER"=>"http://www.example.com/games/new"}
REQUESTING PAGE: GET http://www.example.com/games/1 with {} and HTTP headers {}
REQUESTING PAGE: GET http://www.example.com/games/1/edit with {} and HTTP headers {"HTTP_REFERER"=>"http://www.example.com/games/1"}
REQUESTING PAGE: POST /games/1 with {"utf8"=>"\xE2\x9C\x93", "_method"=>"put", "game"=>{"players_attributes"=>{"0"=>{"name"=>"", "color"=>"blue"}, "1"=>{"name"=>"", "color"=>"red"}, "2"=>{"name"=>"", "color"=>"white"}, "3"=>{"name"=>"", "color"=>"orange"}, "4"=>{"name"=>"", "color"=>"green"}, "5"=>{"name"=>"", "color"=>"brown"}}, "victory_points_to_win"=>"11"}, "commit"=>"save"} and HTTP headers {"HTTP_REFERER"=>"http://www.example.com/games/1/edit"}
REQUESTING PAGE: GET http://www.example.com/games/1 with {} and HTTP headers {}
REQUESTING PAGE: POST http://www.example.com/players/1/settlements with {} and HTTP headers {"HTTP_REFERER"=>"http://www.example.com/games/1"}
REQUESTING PAGE: GET http://www.example.com/games/1 with {} and HTTP headers {"HTTP_REFERER"=>"http://www.example.com/players/1/settlements"}
REQUESTING PAGE: GET http://www.example.com/games/1 with {} and HTTP headers {}
REQUESTING PAGE: DELETE http://www.example.com/players/1/settlements/1 with {} and HTTP headers {"HTTP_REFERER"=>"http://www.example.com/games/1"}
REQUESTING PAGE: GET http://www.example.com/games/1 with {} and HTTP headers {"HTTP_REFERER"=>"http://www.example.com/players/1/settlements/1"}
REQUESTING PAGE: GET http://www.example.com/games/1 with {} and HTTP headers {}
REQUESTING PAGE: POST http://www.example.com/players/1/cities/1/downgrade_to_settlement with {} and HTTP headers {"HTTP_REFERER"=>"http://www.example.com/games/1"}
REQUESTING PAGE: GET http://www.example.com/games/1 with {} and HTTP headers {"HTTP_REFERER"=>"http://www.example.com/players/1/cities/1/downgrade_to_settlement"}
REQUESTING PAGE: GET http://www.example.com/games/1 with {} and HTTP headers {}
REQUESTING PAGE: GET http://www.example.com/games/1 with {} and HTTP headers {}
REQUESTING PAGE: PUT http://www.example.com/players/1/play_soldier with {} and HTTP headers {"HTTP_REFERER"=>"http://www.example.com/games/1"}
REQUESTING PAGE: GET http://www.example.com/games/1 with {} and HTTP headers {"HTTP_REFERER"=>"http://www.example.com/players/1/play_soldier"}
REQUESTING PAGE: GET http://www.example.com/games/1 with {} and HTTP headers {}
REQUESTING PAGE: PUT http://www.example.com/players/1/take_longest_road with {} and HTTP headers {"HTTP_REFERER"=>"http://www.example.com/games/1"}
REQUESTING PAGE: GET http://www.example.com/games/1 with {} and HTTP headers {"HTTP_REFERER"=>"http://www.example.com/players/1/take_longest_road"}
REQUESTING PAGE: GET http://www.example.com/games/1 with {} and HTTP headers {}
REQUESTING PAGE: POST http://www.example.com/players/1/settlements/1/upgrade_to_city with {} and HTTP headers {"HTTP_REFERER"=>"http://www.example.com/games/1"}
REQUESTING PAGE: GET http://www.example.com/games/1 with {} and HTTP headers {"HTTP_REFERER"=>"http://www.example.com/players/1/settlements/1/upgrade_to_city"}
REQUESTING PAGE: GET http://www.example.com/games/1 with {} and HTTP headers {}
REQUESTING PAGE: POST http://www.example.com/players/1/settlements with {} and HTTP headers {"HTTP_REFERER"=>"http://www.example.com/games/1"}
REQUESTING PAGE: GET http://www.example.com/games/1 with {} and HTTP headers {"HTTP_REFERER"=>"http://www.example.com/players/1/settlements"}
REQUESTING PAGE: GET http://www.example.com/games/1 with {} and HTTP headers {}
REQUESTING PAGE: DELETE http://www.example.com/players/1/settlements/1 with {} and HTTP headers {"HTTP_REFERER"=>"http://www.example.com/games/1"}
REQUESTING PAGE: GET http://www.example.com/games/1 with {} and HTTP headers {"HTTP_REFERER"=>"http://www.example.com/players/1/settlements/1"}
REQUESTING PAGE: GET http://www.example.com/games/1 with {} and HTTP headers {}
REQUESTING PAGE: POST http://www.example.com/players/1/cities/1/downgrade_to_settlement with {} and HTTP headers {"HTTP_REFERER"=>"http://www.example.com/games/1"}
REQUESTING PAGE: GET http://www.example.com/games/1 with {} and HTTP headers {"HTTP_REFERER"=>"http://www.example.com/players/1/cities/1/downgrade_to_settlement"}
REQUESTING PAGE: GET http://www.example.com/games/1 with {} and HTTP headers {}
REQUESTING PAGE: GET http://www.example.com/games/1 with {} and HTTP headers {}
REQUESTING PAGE: PUT http://www.example.com/players/1/play_soldier with {} and HTTP headers {"HTTP_REFERER"=>"http://www.example.com/games/1"}
REQUESTING PAGE: GET http://www.example.com/games/1 with {} and HTTP headers {"HTTP_REFERER"=>"http://www.example.com/players/1/play_soldier"}
REQUESTING PAGE: GET http://www.example.com/games/1 with {} and HTTP headers {}
REQUESTING PAGE: PUT http://www.example.com/players/1/take_longest_road with {} and HTTP headers {"HTTP_REFERER"=>"http://www.example.com/games/1"}
REQUESTING PAGE: GET http://www.example.com/games/1 with {} and HTTP headers {"HTTP_REFERER"=>"http://www.example.com/players/1/take_longest_road"}
REQUESTING PAGE: GET http://www.example.com/games/1 with {} and HTTP headers {}
REQUESTING PAGE: POST http://www.example.com/players/1/settlements/1/upgrade_to_city with {} and HTTP headers {"HTTP_REFERER"=>"http://www.example.com/games/1"}
REQUESTING PAGE: GET http://www.example.com/games/1 with {} and HTTP headers {"HTTP_REFERER"=>"http://www.example.com/players/1/settlements/1/upgrade_to_city"}
REQUESTING PAGE: GET http://www.example.com/games/new with {} and HTTP headers {}
REQUESTING PAGE: POST /games with {"utf8"=>"\xE2\x9C\x93", "game"=>{"players_attributes"=>{"0"=>{"name"=>"blue player", "color"=>"blue"}, "1"=>{"name"=>"red player", "color"=>"red"}, "2"=>{"name"=>"", "color"=>"white"}, "3"=>{"name"=>"", "color"=>"orange"}, "4"=>{"name"=>"", "color"=>"green"}, "5"=>{"name"=>"", "color"=>"brown"}}}, "commit"=>"save"} and HTTP headers {"HTTP_REFERER"=>"http://www.example.com/games/new"}
REQUESTING PAGE: GET http://www.example.com/games/1 with {} and HTTP headers {}
REQUESTING PAGE: GET http://www.example.com/games/1/edit with {} and HTTP headers {"HTTP_REFERER"=>"http://www.example.com/games/1"}
REQUESTING PAGE: POST /games/1 with {"utf8"=>"\xE2\x9C\x93", "_method"=>"put", "game"=>{"players_attributes"=>{"0"=>{"name"=>"", "color"=>"blue"}, "1"=>{"name"=>"", "color"=>"red"}, "2"=>{"name"=>"", "color"=>"white"}, "3"=>{"name"=>"", "color"=>"orange"}, "4"=>{"name"=>"", "color"=>"green"}, "5"=>{"name"=>"", "color"=>"brown"}}, "victory_points_to_win"=>"11"}, "commit"=>"save"} and HTTP headers {"HTTP_REFERER"=>"http://www.example.com/games/1/edit"}
REQUESTING PAGE: GET http://www.example.com/games/1 with {} and HTTP headers {}
REQUESTING PAGE: POST http://www.example.com/players/1/knights with {} and HTTP headers {"HTTP_REFERER"=>"http://www.example.com/games/1"}
REQUESTING PAGE: GET http://www.example.com/games/1 with {} and HTTP headers {"HTTP_REFERER"=>"http://www.example.com/players/1/knights"}
REQUESTING PAGE: GET http://www.example.com/games/1 with {} and HTTP headers {}
REQUESTING PAGE: POST http://www.example.com/players/1/knights with {} and HTTP headers {"HTTP_REFERER"=>"http://www.example.com/games/1"}
REQUESTING PAGE: GET http://www.example.com/games/1 with {} and HTTP headers {"HTTP_REFERER"=>"http://www.example.com/players/1/knights"}
REQUESTING PAGE: GET http://www.example.com/games/1 with {} and HTTP headers {}
REQUESTING PAGE: POST http://www.example.com/players/1/knights with {} and HTTP headers {"HTTP_REFERER"=>"http://www.example.com/games/1"}
REQUESTING PAGE: GET http://www.example.com/games/1 with {} and HTTP headers {"HTTP_REFERER"=>"http://www.example.com/players/1/knights"}
REQUESTING PAGE: GET http://www.example.com/games/1 with {} and HTTP headers {}
REQUESTING PAGE: POST http://www.example.com/players/1/knights with {} and HTTP headers {"HTTP_REFERER"=>"http://www.example.com/games/1"}
REQUESTING PAGE: GET http://www.example.com/games/1 with {} and HTTP headers {"HTTP_REFERER"=>"http://www.example.com/players/1/knights"}
REQUESTING PAGE: GET http://www.example.com/games/1 with {} and HTTP headers {}
REQUESTING PAGE: GET http://www.example.com/games/1 with {} and HTTP headers {}
REQUESTING PAGE: POST http://www.example.com/players/1/knights with {} and HTTP headers {"HTTP_REFERER"=>"http://www.example.com/games/1"}
REQUESTING PAGE: GET http://www.example.com/games/1 with {} and HTTP headers {"HTTP_REFERER"=>"http://www.example.com/players/1/knights"}
REQUESTING PAGE: GET http://www.example.com/games/1 with {} and HTTP headers {}
REQUESTING PAGE: POST http://www.example.com/players/1/knights/1/promote with {} and HTTP headers {"HTTP_REFERER"=>"http://www.example.com/games/1"}
REQUESTING PAGE: GET http://www.example.com/games/1 with {} and HTTP headers {}
REQUESTING PAGE: POST http://www.example.com/players/1/knights with {} and HTTP headers {"HTTP_REFERER"=>"http://www.example.com/games/1"}
REQUESTING PAGE: GET http://www.example.com/games/1 with {} and HTTP headers {"HTTP_REFERER"=>"http://www.example.com/players/1/knights"}
REQUESTING PAGE: GET http://www.example.com/games/1 with {} and HTTP headers {}
REQUESTING PAGE: PUT http://www.example.com/players/1/knights/1/promote with {} and HTTP headers {"HTTP_REFERER"=>"http://www.example.com/games/1"}
REQUESTING PAGE: GET http://www.example.com/games/1 with {} and HTTP headers {"HTTP_REFERER"=>"http://www.example.com/players/1/knights/1/promote"}
REQUESTING PAGE: GET http://www.example.com/games/1 with {} and HTTP headers {}
REQUESTING PAGE: POST http://www.example.com/players/1/knights with {} and HTTP headers {"HTTP_REFERER"=>"http://www.example.com/games/1"}
REQUESTING PAGE: GET http://www.example.com/games/1 with {} and HTTP headers {"HTTP_REFERER"=>"http://www.example.com/players/1/knights"}
REQUESTING PAGE: GET http://www.example.com/games/1 with {} and HTTP headers {}
REQUESTING PAGE: DELETE http://www.example.com/players/1/knights/1 with {} and HTTP headers {"HTTP_REFERER"=>"http://www.example.com/games/1"}
REQUESTING PAGE: GET http://www.example.com/games/1 with {} and HTTP headers {"HTTP_REFERER"=>"http://www.example.com/players/1/knights/1"}
REQUESTING PAGE: GET http://www.example.com/games/1 with {} and HTTP headers {}
REQUESTING PAGE: PUT http://www.example.com/players/1/knights/1/promote with {} and HTTP headers {"HTTP_REFERER"=>"http://www.example.com/games/1"}
REQUESTING PAGE: GET http://www.example.com/games/1 with {} and HTTP headers {"HTTP_REFERER"=>"http://www.example.com/players/1/knights/1/promote"}
REQUESTING PAGE: GET http://www.example.com/games/1 with {} and HTTP headers {}
REQUESTING PAGE: POST http://www.example.com/players/1/knights with {} and HTTP headers {"HTTP_REFERER"=>"http://www.example.com/games/1"}
REQUESTING PAGE: GET http://www.example.com/games/1 with {} and HTTP headers {"HTTP_REFERER"=>"http://www.example.com/players/1/knights"}
REQUESTING PAGE: GET http://www.example.com/games/1 with {} and HTTP headers {}
REQUESTING PAGE: DELETE http://www.example.com/players/1/knights/1 with {} and HTTP headers {"HTTP_REFERER"=>"http://www.example.com/games/1"}
REQUESTING PAGE: GET http://www.example.com/games/1 with {} and HTTP headers {"HTTP_REFERER"=>"http://www.example.com/players/1/knights/1"}
REQUESTING PAGE: GET http://www.example.com/games/1 with {} and HTTP headers {}
REQUESTING PAGE: PUT http://www.example.com/players/1/knights/1/promote with {} and HTTP headers {"HTTP_REFERER"=>"http://www.example.com/games/1"}
REQUESTING PAGE: GET http://www.example.com/games/1 with {} and HTTP headers {"HTTP_REFERER"=>"http://www.example.com/players/1/knights/1/promote"}
REQUESTING PAGE: GET http://www.example.com/games/1 with {} and HTTP headers {}
REQUESTING PAGE: PUT http://www.example.com/players/1/knights/1/toggle_activation with {} and HTTP headers {"HTTP_REFERER"=>"http://www.example.com/games/1"}
REQUESTING PAGE: GET http://www.example.com/games/1 with {} and HTTP headers {"HTTP_REFERER"=>"http://www.example.com/players/1/knights/1/toggle_activation"}
REQUESTING PAGE: GET http://www.example.com/games/1 with {} and HTTP headers {}
REQUESTING PAGE: POST http://www.example.com/players/1/knights with {} and HTTP headers {"HTTP_REFERER"=>"http://www.example.com/games/1"}
REQUESTING PAGE: GET http://www.example.com/games/1 with {} and HTTP headers {"HTTP_REFERER"=>"http://www.example.com/players/1/knights"}
REQUESTING PAGE: GET http://www.example.com/games/1 with {} and HTTP headers {}
REQUESTING PAGE: DELETE http://www.example.com/players/1/knights/1 with {} and HTTP headers {"HTTP_REFERER"=>"http://www.example.com/games/1"}
REQUESTING PAGE: GET http://www.example.com/games/1 with {} and HTTP headers {"HTTP_REFERER"=>"http://www.example.com/players/1/knights/1"}
REQUESTING PAGE: GET http://www.example.com/games/1 with {} and HTTP headers {}
REQUESTING PAGE: PUT http://www.example.com/players/1/knights/1/promote with {} and HTTP headers {"HTTP_REFERER"=>"http://www.example.com/games/1"}
REQUESTING PAGE: GET http://www.example.com/games/1 with {} and HTTP headers {"HTTP_REFERER"=>"http://www.example.com/players/1/knights/1/promote"}
REQUESTING PAGE: GET http://www.example.com/games/1 with {} and HTTP headers {}
REQUESTING PAGE: PUT http://www.example.com/players/1/knights/1/toggle_activation with {} and HTTP headers {"HTTP_REFERER"=>"http://www.example.com/games/1"}
REQUESTING PAGE: GET http://www.example.com/games/1 with {} and HTTP headers {"HTTP_REFERER"=>"http://www.example.com/players/1/knights/1/toggle_activation"}
REQUESTING PAGE: GET http://www.example.com/games/1 with {} and HTTP headers {}
REQUESTING PAGE: POST http://www.example.com/players/1/knights with {} and HTTP headers {"HTTP_REFERER"=>"http://www.example.com/games/1"}
REQUESTING PAGE: GET http://www.example.com/games/1 with {} and HTTP headers {"HTTP_REFERER"=>"http://www.example.com/players/1/knights"}
REQUESTING PAGE: GET http://www.example.com/games/1 with {} and HTTP headers {}
REQUESTING PAGE: PUT http://www.example.com/players/1/knights/1/toggle_activation with {} and HTTP headers {"HTTP_REFERER"=>"http://www.example.com/games/1"}
REQUESTING PAGE: GET http://www.example.com/games/1 with {} and HTTP headers {"HTTP_REFERER"=>"http://www.example.com/players/1/knights/1/toggle_activation"}
REQUESTING PAGE: GET http://www.example.com/games/1 with {} and HTTP headers {}
REQUESTING PAGE: DELETE http://www.example.com/players/1/knights/1 with {} and HTTP headers {"HTTP_REFERER"=>"http://www.example.com/games/1"}
REQUESTING PAGE: GET http://www.example.com/games/1 with {} and HTTP headers {"HTTP_REFERER"=>"http://www.example.com/players/1/knights/1"}
REQUESTING PAGE: GET http://www.example.com/games/1 with {} and HTTP headers {}
REQUESTING PAGE: PUT http://www.example.com/players/1/knights/1/promote with {} and HTTP headers {"HTTP_REFERER"=>"http://www.example.com/games/1"}
REQUESTING PAGE: GET http://www.example.com/games/1 with {} and HTTP headers {"HTTP_REFERER"=>"http://www.example.com/players/1/knights/1/promote"}
REQUESTING PAGE: GET http://www.example.com/games/1 with {} and HTTP headers {}
REQUESTING PAGE: PUT http://www.example.com/players/1/knights/1/toggle_activation with {} and HTTP headers {"HTTP_REFERER"=>"http://www.example.com/games/1"}
REQUESTING PAGE: GET http://www.example.com/games/1 with {} and HTTP headers {"HTTP_REFERER"=>"http://www.example.com/players/1/knights/1/toggle_activation"}
REQUESTING PAGE: GET http://www.example.com/games/1 with {} and HTTP headers {}
REQUESTING PAGE: POST http://www.example.com/players/1/knights with {} and HTTP headers {"HTTP_REFERER"=>"http://www.example.com/games/1"}
REQUESTING PAGE: GET http://www.example.com/games/1 with {} and HTTP headers {"HTTP_REFERER"=>"http://www.example.com/players/1/knights"}
REQUESTING PAGE: GET http://www.example.com/games/1 with {} and HTTP headers {}
REQUESTING PAGE: PUT http://www.example.com/players/1/knights/1/toggle_activation with {} and HTTP headers {"HTTP_REFERER"=>"http://www.example.com/games/1"}
REQUESTING PAGE: GET http://www.example.com/games/1 with {} and HTTP headers {"HTTP_REFERER"=>"http://www.example.com/players/1/knights/1/toggle_activation"}
REQUESTING PAGE: GET http://www.example.com/games/1 with {} and HTTP headers {}
REQUESTING PAGE: DELETE http://www.example.com/players/1/knights/1 with {} and HTTP headers {"HTTP_REFERER"=>"http://www.example.com/games/1"}
REQUESTING PAGE: GET http://www.example.com/games/1 with {} and HTTP headers {"HTTP_REFERER"=>"http://www.example.com/players/1/knights/1"}
REQUESTING PAGE: GET http://www.example.com/games/1 with {} and HTTP headers {}
REQUESTING PAGE: PUT http://www.example.com/players/1/knights/1/promote with {} and HTTP headers {"HTTP_REFERER"=>"http://www.example.com/games/1"}
REQUESTING PAGE: GET http://www.example.com/games/1 with {} and HTTP headers {"HTTP_REFERER"=>"http://www.example.com/players/1/knights/1/promote"}
REQUESTING PAGE: GET http://www.example.com/games/1 with {} and HTTP headers {}
REQUESTING PAGE: PUT http://www.example.com/players/1/take_merchant with {} and HTTP headers {"HTTP_REFERER"=>"http://www.example.com/games/1"}
REQUESTING PAGE: GET http://www.example.com/games/1 with {} and HTTP headers {"HTTP_REFERER"=>"http://www.example.com/players/1/take_merchant"}
REQUESTING PAGE: GET http://www.example.com/games/1 with {} and HTTP headers {}
REQUESTING PAGE: PUT http://www.example.com/players/1/knights/1/toggle_activation with {} and HTTP headers {"HTTP_REFERER"=>"http://www.example.com/games/1"}
REQUESTING PAGE: GET http://www.example.com/games/1 with {} and HTTP headers {"HTTP_REFERER"=>"http://www.example.com/players/1/knights/1/toggle_activation"}
REQUESTING PAGE: GET http://www.example.com/games/1 with {} and HTTP headers {}
REQUESTING PAGE: POST http://www.example.com/players/1/knights with {} and HTTP headers {"HTTP_REFERER"=>"http://www.example.com/games/1"}
REQUESTING PAGE: GET http://www.example.com/games/1 with {} and HTTP headers {"HTTP_REFERER"=>"http://www.example.com/players/1/knights"}
REQUESTING PAGE: GET http://www.example.com/games/1 with {} and HTTP headers {}
REQUESTING PAGE: PUT http://www.example.com/players/1/knights/1/toggle_activation with {} and HTTP headers {"HTTP_REFERER"=>"http://www.example.com/games/1"}
REQUESTING PAGE: GET http://www.example.com/games/1 with {} and HTTP headers {"HTTP_REFERER"=>"http://www.example.com/players/1/knights/1/toggle_activation"}
REQUESTING PAGE: GET http://www.example.com/games/1 with {} and HTTP headers {}
REQUESTING PAGE: DELETE http://www.example.com/players/1/knights/1 with {} and HTTP headers {"HTTP_REFERER"=>"http://www.example.com/games/1"}
REQUESTING PAGE: GET http://www.example.com/games/1 with {} and HTTP headers {"HTTP_REFERER"=>"http://www.example.com/players/1/knights/1"}
REQUESTING PAGE: GET http://www.example.com/games/1 with {} and HTTP headers {}
REQUESTING PAGE: PUT http://www.example.com/players/1/knights/1/promote with {} and HTTP headers {"HTTP_REFERER"=>"http://www.example.com/games/1"}
REQUESTING PAGE: GET http://www.example.com/games/1 with {} and HTTP headers {"HTTP_REFERER"=>"http://www.example.com/players/1/knights/1/promote"}
REQUESTING PAGE: GET http://www.example.com/games/1 with {} and HTTP headers {}
REQUESTING PAGE: PUT http://www.example.com/players/1/take_merchant with {} and HTTP headers {"HTTP_REFERER"=>"http://www.example.com/games/1"}
REQUESTING PAGE: GET http://www.example.com/games/1 with {} and HTTP headers {"HTTP_REFERER"=>"http://www.example.com/players/1/take_merchant"}
REQUESTING PAGE: GET http://www.example.com/games/1 with {} and HTTP headers {}
REQUESTING PAGE: PUT http://www.example.com/players/1/knights/1/toggle_activation with {} and HTTP headers {"HTTP_REFERER"=>"http://www.example.com/games/1"}
REQUESTING PAGE: GET http://www.example.com/games/1 with {} and HTTP headers {"HTTP_REFERER"=>"http://www.example.com/players/1/knights/1/toggle_activation"}
REQUESTING PAGE: GET http://www.example.com/games/1 with {} and HTTP headers {}
REQUESTING PAGE: POST http://www.example.com/players/1/knights with {} and HTTP headers {"HTTP_REFERER"=>"http://www.example.com/games/1"}
REQUESTING PAGE: GET http://www.example.com/games/1 with {} and HTTP headers {"HTTP_REFERER"=>"http://www.example.com/players/1/knights"}
REQUESTING PAGE: GET http://www.example.com/games/1 with {} and HTTP headers {}
REQUESTING PAGE: PUT http://www.example.com/players/1/knights/1/toggle_activation with {} and HTTP headers {"HTTP_REFERER"=>"http://www.example.com/games/1"}
REQUESTING PAGE: GET http://www.example.com/games/1 with {} and HTTP headers {"HTTP_REFERER"=>"http://www.example.com/players/1/knights/1/toggle_activation"}
REQUESTING PAGE: GET http://www.example.com/games/1 with {} and HTTP headers {}
REQUESTING PAGE: DELETE http://www.example.com/players/1/knights/1 with {} and HTTP headers {"HTTP_REFERER"=>"http://www.example.com/games/1"}
REQUESTING PAGE: GET http://www.example.com/games/1 with {} and HTTP headers {"HTTP_REFERER"=>"http://www.example.com/players/1/knights/1"}
REQUESTING PAGE: GET http://www.example.com/games/1 with {} and HTTP headers {}
REQUESTING PAGE: PUT http://www.example.com/players/1/knights/1/promote with {} and HTTP headers {"HTTP_REFERER"=>"http://www.example.com/games/1"}
REQUESTING PAGE: GET http://www.example.com/games/1 with {} and HTTP headers {"HTTP_REFERER"=>"http://www.example.com/players/1/knights/1/promote"}
REQUESTING PAGE: GET http://www.example.com/games/1 with {} and HTTP headers {}
REQUESTING PAGE: PUT http://www.example.com/players/1/take_merchant with {} and HTTP headers {"HTTP_REFERER"=>"http://www.example.com/games/1"}
REQUESTING PAGE: GET http://www.example.com/games/1 with {} and HTTP headers {"HTTP_REFERER"=>"http://www.example.com/players/1/take_merchant"}
REQUESTING PAGE: GET http://www.example.com/games/1 with {} and HTTP headers {}
REQUESTING PAGE: PUT http://www.example.com/players/1/take_progress_card_victory_point with {} and HTTP headers {"HTTP_REFERER"=>"http://www.example.com/games/1"}
REQUESTING PAGE: GET http://www.example.com/games/1 with {} and HTTP headers {"HTTP_REFERER"=>"http://www.example.com/players/1/take_progress_card_victory_point"}
