# Logfile created on Tue Nov 24 02:08:26 -0600 2009

Processing GamesController#new (for ::1 at 2009-11-24 02:08:28) [GET]

ActiveRecord::StatementInvalid (Could not find table 'games'):
  /Library/Ruby/Gems/1.8activerecord (2.3.4) lib/active_record/connection_adapters/sqlite3_adapter.rb:29:in `table_structure'
  /Library/Ruby/Gems/1.8activesupport (2.3.4) lib/active_support/core_ext/object/misc.rb:39:in `returning'
  /Library/Ruby/Gems/1.8activerecord (2.3.4) lib/active_record/connection_adapters/sqlite3_adapter.rb:28:in `table_structure'
  /Library/Ruby/Gems/1.8activerecord (2.3.4) lib/active_record/connection_adapters/sqlite_adapter.rb:228:in `columns'
  /Library/Ruby/Gems/1.8activerecord (2.3.4) lib/active_record/base.rb:1271:in `columns'
  /Library/Ruby/Gems/1.8activerecord (2.3.4) lib/active_record/base.rb:3007:in `attributes_from_column_definition_without_lock'
  /Library/Ruby/Gems/1.8activerecord (2.3.4) lib/active_record/locking/optimistic.rb:66:in `attributes_from_column_definition'
  /Library/Ruby/Gems/1.8activerecord (2.3.4) lib/active_record/base.rb:2434:in `initialize'
  app/controllers/games_controller.rb:9:in `new'
  app/controllers/games_controller.rb:9:in `new'
  /Library/Ruby/Gems/1.8actionpack (2.3.4) lib/action_controller/base.rb:1331:in `send'
  /Library/Ruby/Gems/1.8actionpack (2.3.4) lib/action_controller/base.rb:1331:in `perform_action_without_filters'
  /Library/Ruby/Gems/1.8actionpack (2.3.4) lib/action_controller/filters.rb:617:in `call_filters'
  /Library/Ruby/Gems/1.8actionpack (2.3.4) lib/action_controller/filters.rb:610:in `perform_action_without_benchmark'
  /Library/Ruby/Gems/1.8actionpack (2.3.4) lib/action_controller/benchmarking.rb:68:in `perform_action_without_rescue'
  /Library/Ruby/Gems/1.8actionpack (2.3.4) lib/action_controller/benchmarking.rb:68:in `perform_action_without_rescue'
  /Library/Ruby/Gems/1.8actionpack (2.3.4) lib/action_controller/rescue.rb:160:in `perform_action_without_flash'
  /Library/Ruby/Gems/1.8actionpack (2.3.4) lib/action_controller/flash.rb:146:in `perform_action'
  /Library/Ruby/Gems/1.8actionpack (2.3.4) lib/action_controller/base.rb:532:in `send'
  /Library/Ruby/Gems/1.8actionpack (2.3.4) lib/action_controller/base.rb:532:in `process_without_filters'
  /Library/Ruby/Gems/1.8actionpack (2.3.4) lib/action_controller/filters.rb:606:in `sass_old_process'
  /Library/Ruby/Gems/1.8haml (2.2.12) rails/./lib/sass/plugin/rails.rb:19:in `process'
  /Library/Ruby/Gems/1.8actionpack (2.3.4) lib/action_controller/base.rb:391:in `process'
  /Library/Ruby/Gems/1.8actionpack (2.3.4) lib/action_controller/base.rb:386:in `call'
  /Library/Ruby/Gems/1.8actionpack (2.3.4) lib/action_controller/routing/route_set.rb:437:in `call'
  /Library/Ruby/Gems/1.8actionpack (2.3.4) lib/action_controller/dispatcher.rb:87:in `dispatch'
  /Library/Ruby/Gems/1.8actionpack (2.3.4) lib/action_controller/dispatcher.rb:121:in `_call'
  /Library/Ruby/Gems/1.8actionpack (2.3.4) lib/action_controller/dispatcher.rb:130:in `build_middleware_stack'
  /Library/Ruby/Gems/1.8activerecord (2.3.4) lib/active_record/query_cache.rb:29:in `call'
  /Library/Ruby/Gems/1.8activerecord (2.3.4) lib/active_record/query_cache.rb:29:in `call'
  /Library/Ruby/Gems/1.8activerecord (2.3.4) lib/active_record/connection_adapters/abstract/query_cache.rb:34:in `cache'
  /Library/Ruby/Gems/1.8activerecord (2.3.4) lib/active_record/query_cache.rb:9:in `cache'
  /Library/Ruby/Gems/1.8activerecord (2.3.4) lib/active_record/query_cache.rb:28:in `call'
  /Library/Ruby/Gems/1.8activerecord (2.3.4) lib/active_record/connection_adapters/abstract/connection_pool.rb:361:in `call'
  /Library/Ruby/Gems/1.8actionpack (2.3.4) lib/action_controller/params_parser.rb:15:in `call'
  /Library/Ruby/Gems/1.8actionpack (2.3.4) lib/action_controller/session/cookie_store.rb:93:in `call'
  /Library/Ruby/Gems/1.8actionpack (2.3.4) lib/action_controller/failsafe.rb:26:in `call'
  /Library/Ruby/Gems/1.8actionpack (2.3.4) lib/action_controller/dispatcher.rb:106:in `call'
  /Library/Ruby/Gems/1.8rails (2.3.4) lib/rails/rack/static.rb:31:in `call'
  /Library/Ruby/Gems/1.8rails (2.3.4) lib/rails/rack/log_tailer.rb:17:in `call'
  /System/Library/Frameworks/Ruby.framework/Versions/1.8/usr/lib/ruby/1.8/webrick/httpserver.rb:104:in `service'
  /System/Library/Frameworks/Ruby.framework/Versions/1.8/usr/lib/ruby/1.8/webrick/httpserver.rb:65:in `run'
  /System/Library/Frameworks/Ruby.framework/Versions/1.8/usr/lib/ruby/1.8/webrick/server.rb:173:in `start_thread'
  /System/Library/Frameworks/Ruby.framework/Versions/1.8/usr/lib/ruby/1.8/webrick/server.rb:162:in `start'
  /System/Library/Frameworks/Ruby.framework/Versions/1.8/usr/lib/ruby/1.8/webrick/server.rb:162:in `start_thread'
  /System/Library/Frameworks/Ruby.framework/Versions/1.8/usr/lib/ruby/1.8/webrick/server.rb:95:in `start'
  /System/Library/Frameworks/Ruby.framework/Versions/1.8/usr/lib/ruby/1.8/webrick/server.rb:92:in `each'
  /System/Library/Frameworks/Ruby.framework/Versions/1.8/usr/lib/ruby/1.8/webrick/server.rb:92:in `start'
  /System/Library/Frameworks/Ruby.framework/Versions/1.8/usr/lib/ruby/1.8/webrick/server.rb:23:in `start'
  /System/Library/Frameworks/Ruby.framework/Versions/1.8/usr/lib/ruby/1.8/webrick/server.rb:82:in `start'
  /Library/Ruby/Gems/1.8rails (2.3.4) lib/commands/server.rb:111

Rendering /Users/ningj/dev/git projects/catan/rails_app/public/500.html (500 Internal Server Error)


Processing GamesController#new (for ::1 at 2009-11-24 02:09:06) [GET]
Rendering template within layouts/application
Rendering games/new

ActionView::TemplateError (No such file or directory - /Users/ningj/dev/git projects/catan/rails_app/public/stylesheets/screen.css) on line #6 of app/views/layouts/application.html.haml:
3: 
4: %html{html_attrs}
5:   %head
6:     = stylesheet_link_tag 'screen', :cache => true
7: 
8:   %body
9:     - if flash.any?

    /Library/Ruby/Gems/1.8actionpack (2.3.4) lib/action_view/helpers/asset_tag_helper.rb:668:in `read'
    /Library/Ruby/Gems/1.8actionpack (2.3.4) lib/action_view/helpers/asset_tag_helper.rb:668:in `join_asset_file_contents'
    /Library/Ruby/Gems/1.8actionpack (2.3.4) lib/action_view/helpers/asset_tag_helper.rb:668:in `collect'
    /Library/Ruby/Gems/1.8actionpack (2.3.4) lib/action_view/helpers/asset_tag_helper.rb:668:in `join_asset_file_contents'
    /Library/Ruby/Gems/1.8actionpack (2.3.4) lib/action_view/helpers/asset_tag_helper.rb:673:in `write_asset_file_contents'
    /Library/Ruby/Gems/1.8actionpack (2.3.4) lib/action_view/helpers/asset_tag_helper.rb:673:in `open'
    /Library/Ruby/Gems/1.8actionpack (2.3.4) lib/action_view/helpers/asset_tag_helper.rb:673:in `write_asset_file_contents'
    /Library/Ruby/Gems/1.8actionpack (2.3.4) lib/action_view/helpers/asset_tag_helper.rb:433:in `stylesheet_link_tag'
    app/views/layouts/application.html.haml:6:in `_run_haml_app47views47layouts47application46html46haml'
    /Library/Ruby/Gems/1.8actionpack (2.3.4) lib/action_view/renderable.rb:34:in `send'
    /Library/Ruby/Gems/1.8actionpack (2.3.4) lib/action_view/renderable.rb:34:in `render'
    /Library/Ruby/Gems/1.8actionpack (2.3.4) lib/action_view/base.rb:301:in `with_template'
    /Library/Ruby/Gems/1.8actionpack (2.3.4) lib/action_view/renderable.rb:30:in `render'
    /Library/Ruby/Gems/1.8actionpack (2.3.4) lib/action_view/template.rb:199:in `render_template'
    /Library/Ruby/Gems/1.8actionpack (2.3.4) lib/action_view/base.rb:260:in `render_without_haml'
    /Library/Ruby/Gems/1.8haml (2.2.12) lib/haml/helpers/action_view_mods.rb:13:in `render'
    /Library/Ruby/Gems/1.8actionpack (2.3.4) lib/action_view/base.rb:347:in `_render_with_layout'
    /Library/Ruby/Gems/1.8actionpack (2.3.4) lib/action_view/base.rb:257:in `render_without_haml'
    /Library/Ruby/Gems/1.8haml (2.2.12) lib/haml/helpers/action_view_mods.rb:13:in `render'
    /Library/Ruby/Gems/1.8actionpack (2.3.4) lib/action_controller/base.rb:1250:in `render_for_file'
    /Library/Ruby/Gems/1.8actionpack (2.3.4) lib/action_controller/base.rb:945:in `render_without_benchmark'
    /Library/Ruby/Gems/1.8actionpack (2.3.4) lib/action_controller/benchmarking.rb:51:in `render'
    /Library/Ruby/Gems/1.8actionpack (2.3.4) lib/action_controller/benchmarking.rb:51:in `render'
    /Library/Ruby/Gems/1.8actionpack (2.3.4) lib/action_controller/base.rb:1326:in `default_render'
    /Library/Ruby/Gems/1.8actionpack (2.3.4) lib/action_controller/base.rb:1332:in `perform_action_without_filters'
    /Library/Ruby/Gems/1.8actionpack (2.3.4) lib/action_controller/filters.rb:617:in `call_filters'
    /Library/Ruby/Gems/1.8actionpack (2.3.4) lib/action_controller/filters.rb:610:in `perform_action_without_benchmark'
    /Library/Ruby/Gems/1.8actionpack (2.3.4) lib/action_controller/benchmarking.rb:68:in `perform_action_without_rescue'
    /Library/Ruby/Gems/1.8actionpack (2.3.4) lib/action_controller/benchmarking.rb:68:in `perform_action_without_rescue'
    /Library/Ruby/Gems/1.8actionpack (2.3.4) lib/action_controller/rescue.rb:160:in `perform_action_without_flash'
    /Library/Ruby/Gems/1.8actionpack (2.3.4) lib/action_controller/flash.rb:146:in `perform_action'
    /Library/Ruby/Gems/1.8actionpack (2.3.4) lib/action_controller/base.rb:532:in `send'
    /Library/Ruby/Gems/1.8actionpack (2.3.4) lib/action_controller/base.rb:532:in `process_without_filters'
    /Library/Ruby/Gems/1.8actionpack (2.3.4) lib/action_controller/filters.rb:606:in `sass_old_process'
    /Library/Ruby/Gems/1.8haml (2.2.12) rails/./lib/sass/plugin/rails.rb:19:in `process'
    /Library/Ruby/Gems/1.8actionpack (2.3.4) lib/action_controller/base.rb:391:in `process'
    /Library/Ruby/Gems/1.8actionpack (2.3.4) lib/action_controller/base.rb:386:in `call'
    /Library/Ruby/Gems/1.8actionpack (2.3.4) lib/action_controller/routing/route_set.rb:437:in `call'
    /Library/Ruby/Gems/1.8actionpack (2.3.4) lib/action_controller/dispatcher.rb:87:in `dispatch'
    /Library/Ruby/Gems/1.8actionpack (2.3.4) lib/action_controller/dispatcher.rb:121:in `_call'
    /Library/Ruby/Gems/1.8actionpack (2.3.4) lib/action_controller/dispatcher.rb:130:in `build_middleware_stack'
    /Library/Ruby/Gems/1.8activerecord (2.3.4) lib/active_record/query_cache.rb:29:in `call'
    /Library/Ruby/Gems/1.8activerecord (2.3.4) lib/active_record/query_cache.rb:29:in `call'
    /Library/Ruby/Gems/1.8activerecord (2.3.4) lib/active_record/connection_adapters/abstract/query_cache.rb:34:in `cache'
    /Library/Ruby/Gems/1.8activerecord (2.3.4) lib/active_record/query_cache.rb:9:in `cache'
    /Library/Ruby/Gems/1.8activerecord (2.3.4) lib/active_record/query_cache.rb:28:in `call'
    /Library/Ruby/Gems/1.8activerecord (2.3.4) lib/active_record/connection_adapters/abstract/connection_pool.rb:361:in `call'
    /Library/Ruby/Gems/1.8actionpack (2.3.4) lib/action_controller/params_parser.rb:15:in `call'
    /Library/Ruby/Gems/1.8actionpack (2.3.4) lib/action_controller/session/cookie_store.rb:93:in `call'
    /Library/Ruby/Gems/1.8actionpack (2.3.4) lib/action_controller/failsafe.rb:26:in `call'
    /Library/Ruby/Gems/1.8actionpack (2.3.4) lib/action_controller/dispatcher.rb:106:in `call'
    /Library/Ruby/Gems/1.8rails (2.3.4) lib/rails/rack/static.rb:31:in `call'
    /Library/Ruby/Gems/1.8rails (2.3.4) lib/rails/rack/log_tailer.rb:17:in `call'
    /System/Library/Frameworks/Ruby.framework/Versions/1.8/usr/lib/ruby/1.8/webrick/httpserver.rb:104:in `service'
    /System/Library/Frameworks/Ruby.framework/Versions/1.8/usr/lib/ruby/1.8/webrick/httpserver.rb:65:in `run'
    /System/Library/Frameworks/Ruby.framework/Versions/1.8/usr/lib/ruby/1.8/webrick/server.rb:173:in `start_thread'
    /System/Library/Frameworks/Ruby.framework/Versions/1.8/usr/lib/ruby/1.8/webrick/server.rb:162:in `start'
    /System/Library/Frameworks/Ruby.framework/Versions/1.8/usr/lib/ruby/1.8/webrick/server.rb:162:in `start_thread'
    /System/Library/Frameworks/Ruby.framework/Versions/1.8/usr/lib/ruby/1.8/webrick/server.rb:95:in `start'
    /System/Library/Frameworks/Ruby.framework/Versions/1.8/usr/lib/ruby/1.8/webrick/server.rb:92:in `each'
    /System/Library/Frameworks/Ruby.framework/Versions/1.8/usr/lib/ruby/1.8/webrick/server.rb:92:in `start'
    /System/Library/Frameworks/Ruby.framework/Versions/1.8/usr/lib/ruby/1.8/webrick/server.rb:23:in `start'
    /System/Library/Frameworks/Ruby.framework/Versions/1.8/usr/lib/ruby/1.8/webrick/server.rb:82:in `start'
    /Library/Ruby/Gems/1.8rails (2.3.4) lib/commands/server.rb:111

Rendering /Users/ningj/dev/git projects/catan/rails_app/public/500.html (500 Internal Server Error)


Processing GamesController#new (for ::1 at 2009-11-24 02:14:37) [GET]
Rendering template within layouts/application
Rendering games/new
Completed in 80ms (View: 76, DB: 1) | 200 OK [http://localhost/]


Processing ApplicationController#index (for ::1 at 2009-11-24 02:14:38) [GET]

ActionController::RoutingError (No route matches "/images/fishermen%20of%20catan.jpg" with {:method=>:get}):
  /Library/Ruby/Gems/1.8actionpack (2.3.4) lib/action_controller/routing/recognition_optimisation.rb:66:in `recognize_path'
  /Library/Ruby/Gems/1.8actionpack (2.3.4) lib/action_controller/routing/route_set.rb:441:in `recognize'
  /Library/Ruby/Gems/1.8actionpack (2.3.4) lib/action_controller/routing/route_set.rb:436:in `call'
  /Library/Ruby/Gems/1.8actionpack (2.3.4) lib/action_controller/dispatcher.rb:87:in `dispatch'
  /Library/Ruby/Gems/1.8actionpack (2.3.4) lib/action_controller/dispatcher.rb:121:in `_call'
  /Library/Ruby/Gems/1.8actionpack (2.3.4) lib/action_controller/dispatcher.rb:130:in `build_middleware_stack'
  /Library/Ruby/Gems/1.8activerecord (2.3.4) lib/active_record/query_cache.rb:29:in `call'
  /Library/Ruby/Gems/1.8activerecord (2.3.4) lib/active_record/query_cache.rb:29:in `call'
  /Library/Ruby/Gems/1.8activerecord (2.3.4) lib/active_record/connection_adapters/abstract/query_cache.rb:34:in `cache'
  /Library/Ruby/Gems/1.8activerecord (2.3.4) lib/active_record/query_cache.rb:9:in `cache'
  /Library/Ruby/Gems/1.8activerecord (2.3.4) lib/active_record/query_cache.rb:28:in `call'
  /Library/Ruby/Gems/1.8activerecord (2.3.4) lib/active_record/connection_adapters/abstract/connection_pool.rb:361:in `call'
  /Library/Ruby/Gems/1.8actionpack (2.3.4) lib/action_controller/params_parser.rb:15:in `call'
  /Library/Ruby/Gems/1.8actionpack (2.3.4) lib/action_controller/session/cookie_store.rb:93:in `call'
  /Library/Ruby/Gems/1.8actionpack (2.3.4) lib/action_controller/failsafe.rb:26:in `call'
  /Library/Ruby/Gems/1.8actionpack (2.3.4) lib/action_controller/dispatcher.rb:106:in `call'
  /Library/Ruby/Gems/1.8rails (2.3.4) lib/rails/rack/static.rb:31:in `call'
  /Library/Ruby/Gems/1.8rails (2.3.4) lib/rails/rack/log_tailer.rb:17:in `call'
  /System/Library/Frameworks/Ruby.framework/Versions/1.8/usr/lib/ruby/1.8/webrick/httpserver.rb:104:in `service'
  /System/Library/Frameworks/Ruby.framework/Versions/1.8/usr/lib/ruby/1.8/webrick/httpserver.rb:65:in `run'
  /System/Library/Frameworks/Ruby.framework/Versions/1.8/usr/lib/ruby/1.8/webrick/server.rb:173:in `start_thread'
  /System/Library/Frameworks/Ruby.framework/Versions/1.8/usr/lib/ruby/1.8/webrick/server.rb:162:in `start'
  /System/Library/Frameworks/Ruby.framework/Versions/1.8/usr/lib/ruby/1.8/webrick/server.rb:162:in `start_thread'
  /System/Library/Frameworks/Ruby.framework/Versions/1.8/usr/lib/ruby/1.8/webrick/server.rb:95:in `start'
  /System/Library/Frameworks/Ruby.framework/Versions/1.8/usr/lib/ruby/1.8/webrick/server.rb:92:in `each'
  /System/Library/Frameworks/Ruby.framework/Versions/1.8/usr/lib/ruby/1.8/webrick/server.rb:92:in `start'
  /System/Library/Frameworks/Ruby.framework/Versions/1.8/usr/lib/ruby/1.8/webrick/server.rb:23:in `start'
  /System/Library/Frameworks/Ruby.framework/Versions/1.8/usr/lib/ruby/1.8/webrick/server.rb:82:in `start'
  /Library/Ruby/Gems/1.8rails (2.3.4) lib/commands/server.rb:111

Rendering /Users/ningj/dev/git projects/catan/rails_app/public/404.html (404 Not Found)


Processing GamesController#create (for ::1 at 2009-11-24 02:14:50) [POST]
  Parameters: {"game"=>{"expansion_ids"=>["1", "2"], "players_attributes"=>{"0"=>{"name"=>"sadf", "color"=>"blue"}, "1"=>{"name"=>"vwd", "color"=>"red"}, "2"=>{"name"=>"sdfwef", "color"=>"white"}, "3"=>{"name"=>"ssdf", "color"=>"orange"}, "4"=>{"name"=>"", "color"=>"green"}, "5"=>{"name"=>"", "color"=>"brown"}}}, "commit"=>"save"}
Redirected to http://localhost:3000/games/1
Completed in 278ms (DB: 18) | 302 Found [http://localhost/games]


Processing GamesController#show (for ::1 at 2009-11-24 02:14:50) [GET]
  Parameters: {"id"=>"1"}
Rendering template within layouts/application
Rendering games/show
Completed in 175ms (View: 149, DB: 8) | 200 OK [http://localhost/games/1]


Processing GamesController#show (for ::1 at 2009-11-24 02:15:47) [GET]
  Parameters: {"id"=>"1"}
Rendering template within layouts/application
Rendering games/show
Completed in 151ms (View: 128, DB: 8) | 200 OK [http://localhost/games/1]


Processing GamesController#show (for ::1 at 2009-11-24 02:15:50) [GET]
  Parameters: {"id"=>"1"}
Rendering template within layouts/application
Rendering games/show
Completed in 217ms (View: 193, DB: 9) | 200 OK [http://localhost/games/1]


Processing GamesController#new (for ::1 at 2009-11-24 02:28:39) [GET]
Rendering template within layouts/application
Rendering games/new
Completed in 82ms (View: 78, DB: 1) | 200 OK [http://localhost/]


Processing ApplicationController#index (for ::1 at 2009-11-24 02:28:39) [GET]

ActionController::RoutingError (No route matches "/images/fishermen%20of%20catan.jpg" with {:method=>:get}):
  /Library/Ruby/Gems/1.8actionpack (2.3.4) lib/action_controller/routing/recognition_optimisation.rb:66:in `recognize_path'
  /Library/Ruby/Gems/1.8actionpack (2.3.4) lib/action_controller/routing/route_set.rb:441:in `recognize'
  /Library/Ruby/Gems/1.8actionpack (2.3.4) lib/action_controller/routing/route_set.rb:436:in `call'
  /Library/Ruby/Gems/1.8actionpack (2.3.4) lib/action_controller/dispatcher.rb:87:in `dispatch'
  /Library/Ruby/Gems/1.8actionpack (2.3.4) lib/action_controller/dispatcher.rb:121:in `_call'
  /Library/Ruby/Gems/1.8actionpack (2.3.4) lib/action_controller/dispatcher.rb:130:in `build_middleware_stack'
  /Library/Ruby/Gems/1.8activerecord (2.3.4) lib/active_record/query_cache.rb:29:in `call'
  /Library/Ruby/Gems/1.8activerecord (2.3.4) lib/active_record/query_cache.rb:29:in `call'
  /Library/Ruby/Gems/1.8activerecord (2.3.4) lib/active_record/connection_adapters/abstract/query_cache.rb:34:in `cache'
  /Library/Ruby/Gems/1.8activerecord (2.3.4) lib/active_record/query_cache.rb:9:in `cache'
  /Library/Ruby/Gems/1.8activerecord (2.3.4) lib/active_record/query_cache.rb:28:in `call'
  /Library/Ruby/Gems/1.8activerecord (2.3.4) lib/active_record/connection_adapters/abstract/connection_pool.rb:361:in `call'
  /Library/Ruby/Gems/1.8actionpack (2.3.4) lib/action_controller/params_parser.rb:15:in `call'
  /Library/Ruby/Gems/1.8actionpack (2.3.4) lib/action_controller/session/cookie_store.rb:93:in `call'
  /Library/Ruby/Gems/1.8actionpack (2.3.4) lib/action_controller/failsafe.rb:26:in `call'
  /Library/Ruby/Gems/1.8actionpack (2.3.4) lib/action_controller/dispatcher.rb:106:in `call'
  /Library/Ruby/Gems/1.8rails (2.3.4) lib/rails/rack/static.rb:31:in `call'
  /Library/Ruby/Gems/1.8rails (2.3.4) lib/rails/rack/log_tailer.rb:17:in `call'
  /System/Library/Frameworks/Ruby.framework/Versions/1.8/usr/lib/ruby/1.8/webrick/httpserver.rb:104:in `service'
  /System/Library/Frameworks/Ruby.framework/Versions/1.8/usr/lib/ruby/1.8/webrick/httpserver.rb:65:in `run'
  /System/Library/Frameworks/Ruby.framework/Versions/1.8/usr/lib/ruby/1.8/webrick/server.rb:173:in `start_thread'
  /System/Library/Frameworks/Ruby.framework/Versions/1.8/usr/lib/ruby/1.8/webrick/server.rb:162:in `start'
  /System/Library/Frameworks/Ruby.framework/Versions/1.8/usr/lib/ruby/1.8/webrick/server.rb:162:in `start_thread'
  /System/Library/Frameworks/Ruby.framework/Versions/1.8/usr/lib/ruby/1.8/webrick/server.rb:95:in `start'
  /System/Library/Frameworks/Ruby.framework/Versions/1.8/usr/lib/ruby/1.8/webrick/server.rb:92:in `each'
  /System/Library/Frameworks/Ruby.framework/Versions/1.8/usr/lib/ruby/1.8/webrick/server.rb:92:in `start'
  /System/Library/Frameworks/Ruby.framework/Versions/1.8/usr/lib/ruby/1.8/webrick/server.rb:23:in `start'
  /System/Library/Frameworks/Ruby.framework/Versions/1.8/usr/lib/ruby/1.8/webrick/server.rb:82:in `start'
  /Library/Ruby/Gems/1.8rails (2.3.4) lib/commands/server.rb:111

Rendering /Users/ningj/dev/git projects/catan-counter/rails_app/public/404.html (404 Not Found)


Processing GamesController#show (for ::1 at 2009-11-24 02:28:42) [GET]
  Parameters: {"id"=>"1"}
Rendering template within layouts/application
Rendering games/show
Completed in 229ms (View: 200, DB: 8) | 200 OK [http://localhost/games/1]


Processing PlayersController#build_metropolis (for ::1 at 2009-11-24 02:29:05) [PUT]
  Parameters: {"id"=>"1", "development_area"=>"science"}
Redirected to http://localhost:3000/games/1
Completed in 842ms (DB: 2) | 302 Found [http://localhost/players/1/build_metropolis?development_area=science]


Processing GamesController#show (for ::1 at 2009-11-24 02:29:06) [GET]
  Parameters: {"id"=>"1"}
Rendering template within layouts/application
Rendering games/show
Completed in 274ms (View: 243, DB: 13) | 200 OK [http://localhost/games/1]


Processing SettlementsController#upgrade_to_city (for ::1 at 2009-11-24 02:29:11) [POST]
  Parameters: {"id"=>"1"}
Redirected to http://localhost:3000/games/1
Completed in 13ms (DB: 2) | 302 Found [http://localhost/settlements/1/upgrade_to_city]


Processing GamesController#show (for ::1 at 2009-11-24 02:29:11) [GET]
  Parameters: {"id"=>"1"}
Rendering template within layouts/application
Rendering games/show
Completed in 223ms (View: 198, DB: 9) | 200 OK [http://localhost/games/1]


Processing SettlementsController#create (for ::1 at 2009-11-24 02:29:20) [POST]
  Parameters: {"player_id"=>"3"}
Redirected to http://localhost:3000/games/1
Completed in 9ms (DB: 1) | 302 Found [http://localhost/players/3/settlements]


Processing GamesController#show (for ::1 at 2009-11-24 02:29:20) [GET]
  Parameters: {"id"=>"1"}
Rendering template within layouts/application
Rendering games/show
Completed in 224ms (View: 199, DB: 9) | 200 OK [http://localhost/games/1]
